#
# There is insufficient memory for the Java Runtime Environment to continue.
# Native memory allocation (malloc) failed to allocate 49520 bytes for Chunk::new
# Possible reasons:
#   The system is out of physical RAM or swap space
#   In 32 bit mode, the process size limit was hit
# Possible solutions:
#   Reduce memory load on the system
#   Increase physical memory or swap space
#   Check if swap backing store is full
#   Use 64 bit Java on a 64 bit OS
#   Decrease Java heap size (-Xmx/-Xms)
#   Decrease number of Java threads
#   Decrease Java thread stack sizes (-Xss)
#   Set larger code cache with -XX:ReservedCodeCacheSize=
# This output file may be truncated or incomplete.
#
#  Out of Memory Error (allocation.cpp:390), pid=14112, tid=0x0000000000006208
#
# JRE version: OpenJDK Runtime Environment (8.0) (build 1.8.0-adoptopenjdk-_2018_05_19_00_59-b00)
# Java VM: OpenJDK 64-Bit Server VM (25.71-b00 mixed mode windows-amd64 compressed oops)
# Failed to write core dump. Minidumps are not enabled by default on client versions of Windows
#

---------------  T H R E A D  ---------------

Current thread (0x000000001df60000):  JavaThread "C2 CompilerThread2" daemon [_thread_in_native, id=25096, stack(0x000000001e960000,0x000000001ea60000)]

Stack: [0x000000001e960000,0x000000001ea60000]
[error occurred during error reporting (printing stack bounds), id 0xc0000005]

Native frames: (J=compiled Java code, j=interpreted, Vv=VM code, C=native code)


Current CompileTask:
C2:   2468 2092       4       com.sun.org.apache.xerces.internal.impl.XMLEntityScanner::scanQName (502 bytes)


---------------  P R O C E S S  ---------------

Java Threads: ( => current thread )
  0x0000000020168800 JavaThread "Keep-Alive-Timer" daemon [_thread_blocked, id=18552, stack(0x0000000021070000,0x0000000021170000)]
  0x000000001e00f800 JavaThread "Service Thread" daemon [_thread_blocked, id=29236, stack(0x000000001eb60000,0x000000001ec60000)]
  0x000000001df65000 JavaThread "C1 CompilerThread3" daemon [_thread_blocked, id=26828, stack(0x000000001ea60000,0x000000001eb60000)]
=>0x000000001df60000 JavaThread "C2 CompilerThread2" daemon [_thread_in_native, id=25096, stack(0x000000001e960000,0x000000001ea60000)]
  0x000000001df5b000 JavaThread "C2 CompilerThread1" daemon [_thread_in_native, id=18608, stack(0x000000001e860000,0x000000001e960000)]
  0x000000001df6d800 JavaThread "C2 CompilerThread0" daemon [_thread_in_native, id=25736, stack(0x000000001e760000,0x000000001e860000)]
  0x000000001df6c800 JavaThread "Attach Listener" daemon [_thread_blocked, id=18120, stack(0x000000001e660000,0x000000001e760000)]
  0x000000001c05e800 JavaThread "Signal Dispatcher" daemon [_thread_blocked, id=5240, stack(0x000000001e560000,0x000000001e660000)]
  0x000000001df51800 JavaThread "Finalizer" daemon [_thread_blocked, id=27532, stack(0x000000001e330000,0x000000001e430000)]
  0x000000000265b800 JavaThread "Reference Handler" daemon [_thread_blocked, id=25508, stack(0x000000001de30000,0x000000001df30000)]
  0x0000000002565000 JavaThread "main" [_thread_in_native, id=11768, stack(0x0000000002410000,0x0000000002510000)]

Other Threads:
  0x000000001c048000 VMThread [stack: 0x000000001dd30000,0x000000001de30000] [id=13304]
  0x000000001dfb3000 WatcherThread [stack: 0x000000001ec60000,0x000000001ed60000] [id=13064]

VM state:not at safepoint (normal execution)

VM Mutex/Monitor currently owned by a thread: None

Heap:
 PSYoungGen      total 75776K, used 37660K [0x000000076b800000, 0x0000000770c80000, 0x00000007c0000000)
  eden space 65024K, 57% used [0x000000076b800000,0x000000076dcc70d0,0x000000076f780000)
  from space 10752K, 0% used [0x000000076f780000,0x000000076f780000,0x0000000770200000)
  to   space 10752K, 0% used [0x0000000770200000,0x0000000770200000,0x0000000770c80000)
 ParOldGen       total 122880K, used 3276K [0x00000006c2800000, 0x00000006ca000000, 0x000000076b800000)
  object space 122880K, 2% used [0x00000006c2800000,0x00000006c2b332a0,0x00000006ca000000)
 Metaspace       used 17192K, capacity 17634K, committed 17792K, reserved 1064960K
  class space    used 1987K, capacity 2103K, committed 2176K, reserved 1048576K

Card table byte_map: [0x0000000011a20000,0x0000000012210000] byte_map_base: 0x000000000e40c000

Marking Bits: (ParMarkBitMap*) 0x0000000051a5be50
 Begin Bits: [0x0000000012f60000, 0x0000000016ec0000)
 End Bits:   [0x0000000016ec0000, 0x000000001ae20000)

Polling page: 0x0000000000d50000

CodeCache: size=245760Kb used=7254Kb max_used=7267Kb free=238505Kb
 bounds [0x0000000002660000, 0x0000000002d80000, 0x0000000011660000]
 total_blobs=2555 nmethods=2136 adapters=332
 compilation: enabled

Compilation events (10 events):
Event: 2.461 Thread 0x000000001df65000 2107       1       com.sun.xml.internal.bind.v2.runtime.unmarshaller.DefaultIDResolver::access$000 (5 bytes)
Event: 2.461 Thread 0x000000001df65000 nmethod 2107 0x0000000002d78790 code [0x0000000002d788e0, 0x0000000002d789d0]
Event: 2.461 Thread 0x000000001df65000 2127       1       com.sun.org.apache.xerces.internal.impl.xpath.regex.Op$StringOp::getString (5 bytes)
Event: 2.462 Thread 0x000000001df65000 nmethod 2127 0x0000000002d78a50 code [0x0000000002d78ba0, 0x0000000002d78cb0]
Event: 2.462 Thread 0x000000001df65000 2140       3       com.sun.crypto.provider.GHASH::blockMult (225 bytes)
Event: 2.462 Thread 0x000000001df65000 nmethod 2140 0x0000000002d7c310 code [0x0000000002d7c480, 0x0000000002d7c850]
Event: 2.463 Thread 0x000000001df6d800 nmethod 2128 0x0000000002d7c9d0 code [0x0000000002d7cb80, 0x0000000002d7d550]
Event: 2.463 Thread 0x000000001df6d800 2130       4       com.sun.org.apache.xerces.internal.util.XMLChar::isValid (34 bytes)
Event: 2.463 Thread 0x000000001df6d800 nmethod 2130 0x0000000002d793d0 code [0x0000000002d79500, 0x0000000002d79598]
Event: 2.463 Thread 0x000000001df6d800 2129       4       com.sun.org.apache.xerces.internal.utils.XMLLimitAnalyzer::addValue (260 bytes)

GC Heap History (4 events):
Event: 1.327 GC heap before
{Heap before GC invocations=1 (full 0):
 PSYoungGen      total 75776K, used 18228K [0x000000076b800000, 0x0000000770c80000, 0x00000007c0000000)
  eden space 65024K, 28% used [0x000000076b800000,0x000000076c9cd390,0x000000076f780000)
  from space 10752K, 0% used [0x0000000770200000,0x0000000770200000,0x0000000770c80000)
  to   space 10752K, 0% used [0x000000076f780000,0x000000076f780000,0x0000000770200000)
 ParOldGen       total 173568K, used 0K [0x00000006c2800000, 0x00000006cd180000, 0x000000076b800000)
  object space 173568K, 0% used [0x00000006c2800000,0x00000006c2800000,0x00000006cd180000)
 Metaspace       used 11390K, capacity 11622K, committed 11776K, reserved 1062912K
  class space    used 1386K, capacity 1469K, committed 1536K, reserved 1048576K
Event: 1.330 GC heap after
Heap after GC invocations=1 (full 0):
 PSYoungGen      total 75776K, used 3405K [0x000000076b800000, 0x0000000770c80000, 0x00000007c0000000)
  eden space 65024K, 0% used [0x000000076b800000,0x000000076b800000,0x000000076f780000)
  from space 10752K, 31% used [0x000000076f780000,0x000000076fad3528,0x0000000770200000)
  to   space 10752K, 0% used [0x0000000770200000,0x0000000770200000,0x0000000770c80000)
 ParOldGen       total 173568K, used 80K [0x00000006c2800000, 0x00000006cd180000, 0x000000076b800000)
  object space 173568K, 0% used [0x00000006c2800000,0x00000006c2814010,0x00000006cd180000)
 Metaspace       used 11390K, capacity 11622K, committed 11776K, reserved 1062912K
  class space    used 1386K, capacity 1469K, committed 1536K, reserved 1048576K
}
Event: 1.330 GC heap before
{Heap before GC invocations=2 (full 1):
 PSYoungGen      total 75776K, used 3405K [0x000000076b800000, 0x0000000770c80000, 0x00000007c0000000)
  eden space 65024K, 0% used [0x000000076b800000,0x000000076b800000,0x000000076f780000)
  from space 10752K, 31% used [0x000000076f780000,0x000000076fad3528,0x0000000770200000)
  to   space 10752K, 0% used [0x0000000770200000,0x0000000770200000,0x0000000770c80000)
 ParOldGen       total 173568K, used 80K [0x00000006c2800000, 0x00000006cd180000, 0x000000076b800000)
  object space 173568K, 0% used [0x00000006c2800000,0x00000006c2814010,0x00000006cd180000)
 Metaspace       used 11390K, capacity 11622K, committed 11776K, reserved 1062912K
  class space    used 1386K, capacity 1469K, committed 1536K, reserved 1048576K
Event: 1.342 GC heap after
Heap after GC invocations=2 (full 1):
 PSYoungGen      total 75776K, used 0K [0x000000076b800000, 0x0000000770c80000, 0x00000007c0000000)
  eden space 65024K, 0% used [0x000000076b800000,0x000000076b800000,0x000000076f780000)
  from space 10752K, 0% used [0x000000076f780000,0x000000076f780000,0x0000000770200000)
  to   space 10752K, 0% used [0x0000000770200000,0x0000000770200000,0x0000000770c80000)
 ParOldGen       total 122880K, used 3276K [0x00000006c2800000, 0x00000006ca000000, 0x000000076b800000)
  object space 122880K, 2% used [0x00000006c2800000,0x00000006c2b332a0,0x00000006ca000000)
 Metaspace       used 11390K, capacity 11622K, committed 11776K, reserved 1060864K
  class space    used 1386K, capacity 1469K, committed 1536K, reserved 1048576K
}

Deoptimization events (10 events):
Event: 2.352 Thread 0x0000000002565000 Uncommon trap: reason=unstable_if action=reinterpret pc=0x0000000002992bb4 method=com.sun.org.apache.xerces.internal.impl.XMLEntityScanner.checkBeforeLoad(Lcom/sun/xml/internal/stream/Entity$ScannedEntity;II)I @ 18
Event: 2.353 Thread 0x0000000002565000 Uncommon trap: reason=unstable_if action=reinterpret pc=0x0000000002c93868 method=com.sun.org.apache.xerces.internal.impl.XMLEntityScanner.scanContent(Lcom/sun/org/apache/xerces/internal/xni/XMLString;)I @ 526
Event: 2.353 Thread 0x0000000002565000 Uncommon trap: reason=unstable_if action=reinterpret pc=0x0000000002c959bc method=com.sun.org.apache.xerces.internal.impl.XMLEntityScanner.peekChar()I @ 14
Event: 2.362 Thread 0x0000000002565000 Uncommon trap: reason=unstable_if action=reinterpret pc=0x0000000002ca83c8 method=com.sun.org.apache.xerces.internal.impl.io.UTF8Reader.read([CII)I @ 131
Event: 2.362 Thread 0x0000000002565000 Uncommon trap: reason=unstable_if action=reinterpret pc=0x0000000002c5979c method=com.sun.org.apache.xerces.internal.impl.io.UTF8Reader.read([CII)I @ 131
Event: 2.363 Thread 0x0000000002565000 Uncommon trap: reason=unstable_if action=reinterpret pc=0x0000000002c9168c method=java.util.regex.Pattern$Ctype.isSatisfiedBy(I)Z @ 4
Event: 2.367 Thread 0x0000000002565000 Uncommon trap: reason=unstable_if action=reinterpret pc=0x0000000002caf5a4 method=java.util.regex.Pattern$NotBehind.match(Ljava/util/regex/Matcher;ILjava/lang/CharSequence;)Z @ 128
Event: 2.378 Thread 0x0000000002565000 Uncommon trap: reason=unstable_if action=reinterpret pc=0x0000000002cbcc88 method=java.util.regex.Matcher.find()Z @ 34
Event: 2.422 Thread 0x0000000002565000 Uncommon trap: reason=unstable_if action=reinterpret pc=0x0000000002d02908 method=com.sun.org.apache.xerces.internal.impl.XMLEntityScanner.scanContent(Lcom/sun/org/apache/xerces/internal/xni/XMLString;)I @ 44
Event: 2.458 Thread 0x0000000002565000 Uncommon trap: reason=unstable_if action=reinterpret pc=0x0000000002cd4064 method=java.lang.AbstractStringBuilder.append(Ljava/lang/CharSequence;)Ljava/lang/AbstractStringBuilder; @ 13

Classes redefined (0 events):
No events

Internal exceptions (10 events):
Event: 1.505 Thread 0x0000000002565000 Exception <a 'sun/nio/fs/WindowsException'> (0x000000076bf11068) thrown at [C:\Users\jenkins\workspace\openjdk8_build_x86-64_windows\openjdk\hotspot\src\share\vm\prims\jni.cpp, line 709]
Event: 1.505 Thread 0x0000000002565000 Exception <a 'sun/nio/fs/WindowsException'> (0x000000076bf11a18) thrown at [C:\Users\jenkins\workspace\openjdk8_build_x86-64_windows\openjdk\hotspot\src\share\vm\prims\jni.cpp, line 709]
Event: 1.505 Thread 0x0000000002565000 Exception <a 'sun/nio/fs/WindowsException'> (0x000000076bf123f8) thrown at [C:\Users\jenkins\workspace\openjdk8_build_x86-64_windows\openjdk\hotspot\src\share\vm\prims\jni.cpp, line 709]
Event: 1.505 Thread 0x0000000002565000 Exception <a 'sun/nio/fs/WindowsException'> (0x000000076bf12b60) thrown at [C:\Users\jenkins\workspace\openjdk8_build_x86-64_windows\openjdk\hotspot\src\share\vm\prims\jni.cpp, line 709]
Event: 1.505 Thread 0x0000000002565000 Exception <a 'sun/nio/fs/WindowsException'> (0x000000076bf13688) thrown at [C:\Users\jenkins\workspace\openjdk8_build_x86-64_windows\openjdk\hotspot\src\share\vm\prims\jni.cpp, line 709]
Event: 1.506 Thread 0x0000000002565000 Exception <a 'sun/nio/fs/WindowsException'> (0x000000076bf14d78) thrown at [C:\Users\jenkins\workspace\openjdk8_build_x86-64_windows\openjdk\hotspot\src\share\vm\prims\jni.cpp, line 709]
Event: 1.506 Thread 0x0000000002565000 Exception <a 'sun/nio/fs/WindowsException'> (0x000000076bf15538) thrown at [C:\Users\jenkins\workspace\openjdk8_build_x86-64_windows\openjdk\hotspot\src\share\vm\prims\jni.cpp, line 709]
Event: 2.229 Thread 0x0000000002565000 Implicit null exception at 0x0000000002bac218 to 0x0000000002bac35d
Event: 2.250 Thread 0x0000000002565000 Exception <a 'java/lang/ClassNotFoundException': com/sun/org/glassfish/hk2/osgiresourcelocator/ServiceLoader> (0x000000076cf4ecf8) thrown at [C:\Users\jenkins\workspace\openjdk8_build_x86-64_windows\openjdk\hotspot\src\share\vm\classfile\systemDictionary.
Event: 2.310 Thread 0x0000000002565000 Exception <a 'java/lang/ClassNotFoundException': com/sun/org/glassfish/hk2/osgiresourcelocator/ServiceLoader> (0x000000076d2295d8) thrown at [C:\Users\jenkins\workspace\openjdk8_build_x86-64_windows\openjdk\hotspot\src\share\vm\classfile\systemDictionary.

Events (10 events):
Event: 2.422 Thread 0x0000000002565000 DEOPT UNPACKING pc=0x00000000026a75d0 sp=0x000000000250e208 mode 0
Event: 2.432 Thread 0x0000000002565000 DEOPT PACKING pc=0x0000000002ccc06d sp=0x000000000250e2c0
Event: 2.432 Thread 0x0000000002565000 DEOPT UNPACKING pc=0x00000000026a75d0 sp=0x000000000250e088 mode 0
Event: 2.442 Thread 0x0000000002565000 DEOPT PACKING pc=0x0000000002d1ff9c sp=0x000000000250e630
Event: 2.442 Thread 0x0000000002565000 DEOPT UNPACKING pc=0x00000000026a75d0 sp=0x000000000250e370 mode 0
Event: 2.458 Thread 0x0000000002565000 Uncommon trap: trap_request=0xffffff65 fr.pc=0x0000000002cd4064
Event: 2.458 Thread 0x0000000002565000 DEOPT PACKING pc=0x0000000002cd4064 sp=0x000000000250e670
Event: 2.458 Thread 0x0000000002565000 DEOPT UNPACKING pc=0x00000000026a557b sp=0x000000000250e688 mode 2
Event: 2.459 loading class com/android/repository/util/InstallerUtil
Event: 2.459 loading class com/android/repository/util/InstallerUtil done


Dynamic libraries:
0x00007ff7a71d0000 - 0x00007ff7a7205000 	D:\Programmes\Unity\Hub\Editor\2021.3.11f1\Editor\Data\PlaybackEngines\AndroidPlayer\OpenJDK\bin\java.exe
0x00007ff831180000 - 0x00007ff831389000 	C:\WINDOWS\SYSTEM32\ntdll.dll
0x00007ff8302c0000 - 0x00007ff83037e000 	C:\WINDOWS\System32\KERNEL32.DLL
0x00007ff82e6c0000 - 0x00007ff82ea3b000 	C:\WINDOWS\System32\KERNELBASE.dll
0x00007ff830a00000 - 0x00007ff830aae000 	C:\WINDOWS\System32\ADVAPI32.dll
0x00007ff830b20000 - 0x00007ff830bc3000 	C:\WINDOWS\System32\msvcrt.dll
0x00007ff830580000 - 0x00007ff83061e000 	C:\WINDOWS\System32\sechost.dll
0x00007ff830be0000 - 0x00007ff830d00000 	C:\WINDOWS\System32\RPCRT4.dll
0x00007ff830f90000 - 0x00007ff83113d000 	C:\WINDOWS\System32\USER32.dll
0x00007ff82ec80000 - 0x00007ff82eca6000 	C:\WINDOWS\System32\win32u.dll
0x00007ff82f000000 - 0x00007ff82f029000 	C:\WINDOWS\System32\GDI32.dll
0x00007ff82eb60000 - 0x00007ff82ec78000 	C:\WINDOWS\System32\gdi32full.dll
0x00007ff82ee20000 - 0x00007ff82eebd000 	C:\WINDOWS\System32\msvcp_win.dll
0x00007ff82ea40000 - 0x00007ff82eb51000 	C:\WINDOWS\System32\ucrtbase.dll
0x00007ff80bff0000 - 0x00007ff80c295000 	C:\WINDOWS\WinSxS\amd64_microsoft.windows.common-controls_6595b64144ccf1df_6.0.22000.120_none_9d947278b86cc467\COMCTL32.dll
0x00007ff830380000 - 0x00007ff8303b2000 	C:\WINDOWS\System32\IMM32.DLL
0x0000000051ae0000 - 0x0000000051bb2000 	D:\Programmes\Unity\Hub\Editor\2021.3.11f1\Editor\Data\PlaybackEngines\AndroidPlayer\OpenJDK\jre\bin\msvcr100.dll
0x0000000051290000 - 0x0000000051ad9000 	D:\Programmes\Unity\Hub\Editor\2021.3.11f1\Editor\Data\PlaybackEngines\AndroidPlayer\OpenJDK\jre\bin\server\jvm.dll
0x00007ff830bd0000 - 0x00007ff830bd8000 	C:\WINDOWS\System32\PSAPI.DLL
0x00007ff828ed0000 - 0x00007ff828f03000 	C:\WINDOWS\SYSTEM32\WINMM.dll
0x00007fffccf30000 - 0x00007fffccf39000 	C:\WINDOWS\SYSTEM32\WSOCK32.dll
0x00007ff830ab0000 - 0x00007ff830b1f000 	C:\WINDOWS\System32\WS2_32.dll
0x00007ff826f40000 - 0x00007ff826f4a000 	C:\WINDOWS\SYSTEM32\VERSION.dll
0x00007ff82a6b0000 - 0x00007ff82a6bf000 	D:\Programmes\Unity\Hub\Editor\2021.3.11f1\Editor\Data\PlaybackEngines\AndroidPlayer\OpenJDK\jre\bin\verify.dll
0x00007ff82a680000 - 0x00007ff82a6a9000 	D:\Programmes\Unity\Hub\Editor\2021.3.11f1\Editor\Data\PlaybackEngines\AndroidPlayer\OpenJDK\jre\bin\java.dll
0x00007ff828f80000 - 0x00007ff828f96000 	D:\Programmes\Unity\Hub\Editor\2021.3.11f1\Editor\Data\PlaybackEngines\AndroidPlayer\OpenJDK\jre\bin\zip.dll
0x00007ff82f360000 - 0x00007ff82fb17000 	C:\WINDOWS\System32\SHELL32.dll
0x00007ff82c710000 - 0x00007ff82cf75000 	C:\WINDOWS\SYSTEM32\windows.storage.dll
0x00007ff830620000 - 0x00007ff830998000 	C:\WINDOWS\System32\combase.dll
0x00007ff82c5a0000 - 0x00007ff82c706000 	C:\WINDOWS\SYSTEM32\wintypes.dll
0x00007ff82fb20000 - 0x00007ff82fc0a000 	C:\WINDOWS\System32\SHCORE.dll
0x00007ff82f030000 - 0x00007ff82f08d000 	C:\WINDOWS\System32\shlwapi.dll
0x00007ff82e580000 - 0x00007ff82e5a1000 	C:\WINDOWS\SYSTEM32\profapi.dll
0x00007ff813760000 - 0x00007ff81377a000 	D:\Programmes\Unity\Hub\Editor\2021.3.11f1\Editor\Data\PlaybackEngines\AndroidPlayer\OpenJDK\jre\bin\net.dll
0x00007ff82dc20000 - 0x00007ff82dc87000 	C:\WINDOWS\system32\mswsock.dll
0x00007ff813740000 - 0x00007ff813751000 	D:\Programmes\Unity\Hub\Editor\2021.3.11f1\Editor\Data\PlaybackEngines\AndroidPlayer\OpenJDK\jre\bin\nio.dll
0x00007fffee340000 - 0x00007fffee364000 	D:\Programmes\Unity\Hub\Editor\2021.3.11f1\Editor\Data\PlaybackEngines\AndroidPlayer\OpenJDK\jre\bin\sunec.dll
0x00007ff82deb0000 - 0x00007ff82dec8000 	C:\WINDOWS\SYSTEM32\CRYPTSP.dll
0x00007ff82d6e0000 - 0x00007ff82d715000 	C:\WINDOWS\system32\rsaenh.dll
0x00007ff82dd30000 - 0x00007ff82dd59000 	C:\WINDOWS\SYSTEM32\USERENV.dll
0x00007ff82e030000 - 0x00007ff82e057000 	C:\WINDOWS\SYSTEM32\bcrypt.dll
0x00007ff82ef80000 - 0x00007ff82efff000 	C:\WINDOWS\System32\bcryptprimitives.dll
0x00007ff82dea0000 - 0x00007ff82deac000 	C:\WINDOWS\SYSTEM32\CRYPTBASE.dll
0x00007ff82d2b0000 - 0x00007ff82d2dd000 	C:\WINDOWS\SYSTEM32\IPHLPAPI.DLL
0x00007ff82f090000 - 0x00007ff82f099000 	C:\WINDOWS\System32\NSI.dll
0x00007ff827d00000 - 0x00007ff827d19000 	C:\WINDOWS\SYSTEM32\dhcpcsvc6.DLL
0x00007ff8288d0000 - 0x00007ff8288ee000 	C:\WINDOWS\SYSTEM32\dhcpcsvc.DLL
0x00007ff82d2e0000 - 0x00007ff82d3c8000 	C:\WINDOWS\SYSTEM32\DNSAPI.dll
0x00007ff82a640000 - 0x00007ff82a64b000 	D:\Programmes\Unity\Hub\Editor\2021.3.11f1\Editor\Data\PlaybackEngines\AndroidPlayer\OpenJDK\jre\bin\sunmscapi.dll
0x00007ff82ecb0000 - 0x00007ff82ee12000 	C:\WINDOWS\System32\CRYPT32.dll
0x00007ff8200d0000 - 0x00007ff8200da000 	C:\Windows\System32\rasadhlp.dll
0x00007ff825f40000 - 0x00007ff825fc1000 	C:\WINDOWS\System32\fwpuclnt.dll

VM Arguments:
jvm_args: -Dfile.encoding=UTF-8 -Dcom.android.sdklib.toolsdir=D:\Programmes\Unity\Hub\Editor\2021.3.11f1\Editor\Data\PlaybackEngines\AndroidPlayer\SDK\tools\bin\\.. 
java_command: com.android.sdklib.tool.sdkmanager.SdkManagerCli --list
java_class_path (initial): D:\Programmes\Unity\Hub\Editor\2021.3.11f1\Editor\Data\PlaybackEngines\AndroidPlayer\SDK\tools\bin\..\lib\dvlib-26.0.0-dev.jar;D:\Programmes\Unity\Hub\Editor\2021.3.11f1\Editor\Data\PlaybackEngines\AndroidPlayer\SDK\tools\bin\..\lib\jimfs-1.1.jar;D:\Programmes\Unity\Hub\Editor\2021.3.11f1\Editor\Data\PlaybackEngines\AndroidPlayer\SDK\tools\bin\..\lib\jsr305-1.3.9.jar;D:\Programmes\Unity\Hub\Editor\2021.3.11f1\Editor\Data\PlaybackEngines\AndroidPlayer\SDK\tools\bin\..\lib\repository-26.0.0-dev.jar;D:\Programmes\Unity\Hub\Editor\2021.3.11f1\Editor\Data\PlaybackEngines\AndroidPlayer\SDK\tools\bin\..\lib\j2objc-annotations-1.1.jar;D:\Programmes\Unity\Hub\Editor\2021.3.11f1\Editor\Data\PlaybackEngines\AndroidPlayer\SDK\tools\bin\..\lib\layoutlib-api-26.0.0-dev.jar;D:\Programmes\Unity\Hub\Editor\2021.3.11f1\Editor\Data\PlaybackEngines\AndroidPlayer\SDK\tools\bin\..\lib\gson-2.3.jar;D:\Programmes\Unity\Hub\Editor\2021.3.11f1\Editor\Data\PlaybackEngines\AndroidPlayer\SDK\tools\bin\..\lib\httpcore-4.2.5.jar;D:\Programmes\Unity\Hub\Editor\2021.3.11f1\Editor\Data\PlaybackEngines\AndroidPlayer\SDK\tools\bin\..\lib\commons-logging-1.1.1.jar;D:\Programmes\Unity\Hub\Editor\2021.3.11f1\Editor\Data\PlaybackEngines\AndroidPlayer\SDK\tools\bin\..\lib\commons-compress-1.12.jar;D:\Programmes\Unity\Hub\Editor\2021.3.11f1\Editor\Data\PlaybackEngines\AndroidPlayer\SDK\tools\bin\..\lib\annotations-26.0.0-dev.jar;D:\Programmes\Unity\Hub\Editor\2021.3.11f1\Editor\Data\PlaybackEngines\AndroidPlayer\SDK\tools\bin\..\lib\error_prone_annotations-2.0.18.jar;D:\Programmes\Unity\Hub\Editor\2021.3.11f1\Editor\Data\PlaybackEngines\AndroidPlayer\SDK\tools\bin\..\lib\animal-sniffer-annotations-1.14.jar;D:\Programmes\Unity\Hub\Editor\2021.3.11f1\Editor\Data\PlaybackEngines\AndroidPlayer\SDK\tools\bin\..\lib\httpclient-4.2.6.jar;D:\Programmes\Unity\Hub\Editor\2021.3.11f1\Editor\Data\PlaybackEngines\AndroidPlayer\SDK\tools\bin\..\lib\commons-codec-1.6.jar;D:\Programmes\Unity\Hu
Launcher Type: SUN_STANDARD

Environment Variables:
JAVA_HOME=D:\Programmes\Unity\Hub\Editor\2021.3.11f1\Editor\Data\PlaybackEngines\AndroidPlayer\OpenJDK
JAVA_TOOL_OPTIONS=-Dfile.encoding=UTF-8
PATH=C:\Program Files (x86)\Common Files\Oracle\Java\javapath;C:\Program Files (x86)\Microsoft SDKs\Azure\CLI2\wbin;C:\Windows\system32;C:\Windows;C:\Windows\System32\Wbem;C:\Windows\System32\WindowsPowerShell\v1.0\;C:\Windows\System32\OpenSSH\;C:\Program Files (x86)\NVIDIA Corporation\PhysX\Common;C:\Program Files\NVIDIA Corporation\NVIDIA NvDLISR;C:\WINDOWS\system32;C:\WINDOWS;C:\WINDOWS\System32\Wbem;C:\WINDOWS\System32\WindowsPowerShell\v1.0\;C:\WINDOWS\System32\OpenSSH\;D:\Programmes\Git\cmd;D:\Programmes\Vagrant\bin;C:\Users\Florian Castel\AppData\Local\Microsoft\WindowsApps;C:\Users\Florian Castel\AppData\Local\GitHubDesktop\bin;D:\Programmes\Microsoft VS Code\bin;D:\Programmes\processing-3.5.4\processing-java.exe;
USERNAME=Florian Castel
OS=Windows_NT
PROCESSOR_IDENTIFIER=Intel64 Family 6 Model 142 Stepping 12, GenuineIntel



---------------  S Y S T E M  ---------------

OS: Windows 10.0 , 64 bit Build 22000 (10.0.22000.1335)

CPU:total 8 (initial active 8) (4 cores per cpu, 2 threads per core) family 6 model 142 stepping 12, cmov, cx8, fxsr, mmx, sse, sse2, sse3, ssse3, sse4.1, sse4.2, popcnt, avx, avx2, aes, clmul, erms, 3dnowpref, lzcnt, ht, tsc, tscinvbit, bmi1, bmi2, adx

Memory: 4k page, physical 16606512k(1829748k free), swap 32335148k(5528k free)

vm_info: OpenJDK 64-Bit Server VM (25.71-b00) for windows-amd64 JRE (1.8.0-adoptopenjdk-_2018_05_19_00_59-b00), built on May 19 2018 01:02:12 by "jenkins" with MS VC++ 10.0 (VS2010)

time: Wed Jan 18 18:49:56 2023
elapsed time: 2 seconds (0d 0h 0m 2s)

